[debug] [2020-06-02T09:38:42.737Z] ----------------------------------------------------------------------
[debug] [2020-06-02T09:38:42.739Z] Command:       /usr/bin/node /usr/local/bin/firebase deploy
[debug] [2020-06-02T09:38:42.739Z] CLI Version:   8.4.0
[debug] [2020-06-02T09:38:42.740Z] Platform:      linux
[debug] [2020-06-02T09:38:42.740Z] Node Version:  v10.19.0
[debug] [2020-06-02T09:38:42.740Z] Time:          Tue Jun 02 2020 11:38:42 GMT+0200 (heure d’été d’Europe centrale)
[debug] [2020-06-02T09:38:42.740Z] ----------------------------------------------------------------------
[debug] [2020-06-02T09:38:42.740Z] 
[debug] [2020-06-02T09:38:42.745Z] > command requires scopes: ["email","openid","https://www.googleapis.com/auth/cloudplatformprojects.readonly","https://www.googleapis.com/auth/firebase","https://www.googleapis.com/auth/cloud-platform"]
[debug] [2020-06-02T09:38:42.745Z] > authorizing via signed-in user
[debug] [2020-06-02T09:38:42.745Z] [iam] checking project epirules for permissions ["cloudfunctions.functions.create","cloudfunctions.functions.delete","cloudfunctions.functions.get","cloudfunctions.functions.list","cloudfunctions.functions.update","cloudfunctions.operations.get","firebase.projects.get","firebasehosting.sites.update"]
[debug] [2020-06-02T09:38:42.747Z] >>> HTTP REQUEST POST https://cloudresourcemanager.googleapis.com/v1/projects/epirules:testIamPermissions  
 {"permissions":["cloudfunctions.functions.create","cloudfunctions.functions.delete","cloudfunctions.functions.get","cloudfunctions.functions.list","cloudfunctions.functions.update","cloudfunctions.operations.get","firebase.projects.get","firebasehosting.sites.update"]}
[debug] [2020-06-02T09:38:43.403Z] <<< HTTP RESPONSE 200 {"content-type":"application/json; charset=UTF-8","vary":"X-Origin, Referer, Origin,Accept-Encoding","date":"Tue, 02 Jun 2020 09:38:43 GMT","server":"ESF","cache-control":"private","x-xss-protection":"0","x-frame-options":"SAMEORIGIN","x-content-type-options":"nosniff","server-timing":"gfet4t7; dur=572","alt-svc":"h3-27=\":443\"; ma=2592000,h3-25=\":443\"; ma=2592000,h3-T050=\":443\"; ma=2592000,h3-Q050=\":443\"; ma=2592000,h3-Q049=\":443\"; ma=2592000,h3-Q048=\":443\"; ma=2592000,h3-Q046=\":443\"; ma=2592000,h3-Q043=\":443\"; ma=2592000,quic=\":443\"; ma=2592000; v=\"46,43\"","accept-ranges":"none","transfer-encoding":"chunked"}
[debug] [2020-06-02T09:38:43.408Z] >>> HTTP REQUEST POST https://iam.googleapis.com/v1/projects/epirules/serviceAccounts/epirules@appspot.gserviceaccount.com:testIamPermissions  
 {"permissions":["iam.serviceAccounts.actAs"]}
[debug] [2020-06-02T09:38:44.040Z] <<< HTTP RESPONSE 200 {"content-type":"application/json; charset=UTF-8","vary":"X-Origin, Referer, Origin,Accept-Encoding","date":"Tue, 02 Jun 2020 09:38:44 GMT","server":"ESF","cache-control":"private","x-xss-protection":"0","x-frame-options":"SAMEORIGIN","x-content-type-options":"nosniff","alt-svc":"h3-27=\":443\"; ma=2592000,h3-25=\":443\"; ma=2592000,h3-T050=\":443\"; ma=2592000,h3-Q050=\":443\"; ma=2592000,h3-Q049=\":443\"; ma=2592000,h3-Q048=\":443\"; ma=2592000,h3-Q046=\":443\"; ma=2592000,h3-Q043=\":443\"; ma=2592000,quic=\":443\"; ma=2592000; v=\"46,43\"","accept-ranges":"none","transfer-encoding":"chunked"}
[debug] [2020-06-02T09:38:44.043Z] >>> HTTP REQUEST GET https://firebase.googleapis.com/v1beta1/projects/epirules  
 
[debug] [2020-06-02T09:38:44.269Z] <<< HTTP RESPONSE 200 {"content-type":"application/json; charset=UTF-8","vary":"X-Origin, Referer, Origin,Accept-Encoding","date":"Tue, 02 Jun 2020 09:38:44 GMT","server":"ESF","cache-control":"private","x-xss-protection":"0","x-frame-options":"SAMEORIGIN","x-content-type-options":"nosniff","alt-svc":"h3-27=\":443\"; ma=2592000,h3-25=\":443\"; ma=2592000,h3-T050=\":443\"; ma=2592000,h3-Q050=\":443\"; ma=2592000,h3-Q049=\":443\"; ma=2592000,h3-Q048=\":443\"; ma=2592000,h3-Q046=\":443\"; ma=2592000,h3-Q043=\":443\"; ma=2592000,quic=\":443\"; ma=2592000; v=\"46,43\"","accept-ranges":"none","transfer-encoding":"chunked"}
[warn] ⚠  functions: package.json indicates an outdated version of firebase-functions.
Please upgrade using npm install --save firebase-functions@latest in your functions directory. 
[info] 
[info] === Deploying to 'epirules'...
[info] 
[info] i  deploying functions, hosting 
[debug] [2020-06-02T09:38:46.229Z] > [functions] package.json contents: {
  "name": "functions",
  "description": "Cloud Functions for Firebase",
  "scripts": {
    "serve": "firebase emulators:start --only functions",
    "shell": "firebase functions:shell",
    "start": "npm run shell",
    "deploy": "firebase deploy --only functions",
    "logs": "firebase functions:log"
  },
  "engines": {
    "node": "8"
  },
  "dependencies": {
    "firebase": "^7.14.4",
    "firebase-admin": "^8.10.0",
    "firebase-functions": "^3.6.1",
    "nodemailer": "^6.4.6"
  },
  "devDependencies": {
    "firebase-functions-test": "^0.2.0",
    "nodemailer": "^6.4.6"
  },
  "private": true
}
[info] i  functions: ensuring required API cloudfunctions.googleapis.com is enabled... 
[debug] [2020-06-02T09:38:47.362Z] [functions] runtime dependency check dates: warning: 2020-05-21T00:00:00.000Z error: 2020-06-23T00:00:00.000Z
[debug] [2020-06-02T09:38:47.362Z] >>> HTTP REQUEST GET https://serviceusage.googleapis.com/v1/projects/epirules/services/cloudfunctions.googleapis.com  
 
[debug] [2020-06-02T09:38:47.362Z] >>> HTTP REQUEST GET https://serviceusage.googleapis.com/v1/projects/epirules/services/runtimeconfig.googleapis.com  
 
[debug] [2020-06-02T09:38:48.089Z] <<< HTTP RESPONSE 200 {"content-type":"application/json; charset=UTF-8","vary":"X-Origin, Referer, Origin,Accept-Encoding","date":"Tue, 02 Jun 2020 09:38:48 GMT","server":"ESF","cache-control":"private","x-xss-protection":"0","x-frame-options":"SAMEORIGIN","x-content-type-options":"nosniff","alt-svc":"h3-27=\":443\"; ma=2592000,h3-25=\":443\"; ma=2592000,h3-T050=\":443\"; ma=2592000,h3-Q050=\":443\"; ma=2592000,h3-Q049=\":443\"; ma=2592000,h3-Q048=\":443\"; ma=2592000,h3-Q046=\":443\"; ma=2592000,h3-Q043=\":443\"; ma=2592000,quic=\":443\"; ma=2592000; v=\"46,43\"","accept-ranges":"none","transfer-encoding":"chunked"}
[debug] [2020-06-02T09:38:48.102Z] <<< HTTP RESPONSE 200 {"content-type":"application/json; charset=UTF-8","vary":"X-Origin, Referer, Origin,Accept-Encoding","date":"Tue, 02 Jun 2020 09:38:48 GMT","server":"ESF","cache-control":"private","x-xss-protection":"0","x-frame-options":"SAMEORIGIN","x-content-type-options":"nosniff","alt-svc":"h3-27=\":443\"; ma=2592000,h3-25=\":443\"; ma=2592000,h3-T050=\":443\"; ma=2592000,h3-Q050=\":443\"; ma=2592000,h3-Q049=\":443\"; ma=2592000,h3-Q048=\":443\"; ma=2592000,h3-Q046=\":443\"; ma=2592000,h3-Q043=\":443\"; ma=2592000,quic=\":443\"; ma=2592000; v=\"46,43\"","accept-ranges":"none","transfer-encoding":"chunked"}
[info] ✔  functions: required API cloudfunctions.googleapis.com is enabled 
[debug] [2020-06-02T09:38:48.104Z] >>> HTTP REQUEST GET https://firebase.googleapis.com/v1beta1/projects/epirules/adminSdkConfig  
 
[debug] [2020-06-02T09:38:48.222Z] <<< HTTP RESPONSE 200 {"content-type":"application/json; charset=UTF-8","vary":"X-Origin, Referer, Origin,Accept-Encoding","date":"Tue, 02 Jun 2020 09:38:48 GMT","server":"ESF","cache-control":"private","x-xss-protection":"0","x-frame-options":"SAMEORIGIN","x-content-type-options":"nosniff","alt-svc":"h3-27=\":443\"; ma=2592000,h3-25=\":443\"; ma=2592000,h3-T050=\":443\"; ma=2592000,h3-Q050=\":443\"; ma=2592000,h3-Q049=\":443\"; ma=2592000,h3-Q048=\":443\"; ma=2592000,h3-Q046=\":443\"; ma=2592000,h3-Q043=\":443\"; ma=2592000,quic=\":443\"; ma=2592000; v=\"46,43\"","accept-ranges":"none","transfer-encoding":"chunked"}
[debug] [2020-06-02T09:38:48.226Z] >>> HTTP REQUEST POST https://firebasehosting.googleapis.com/v1beta1/sites/epirules/versions  
 {"config":{},"labels":{"deployment-tool":"cli-firebase"}}
[debug] [2020-06-02T09:38:49.459Z] <<< HTTP RESPONSE 200 {"content-type":"application/json; charset=UTF-8","vary":"X-Origin, Referer, Origin,Accept-Encoding","date":"Tue, 02 Jun 2020 09:38:49 GMT","server":"ESF","cache-control":"private","x-xss-protection":"0","x-frame-options":"SAMEORIGIN","x-content-type-options":"nosniff","alt-svc":"h3-27=\":443\"; ma=2592000,h3-25=\":443\"; ma=2592000,h3-T050=\":443\"; ma=2592000,h3-Q050=\":443\"; ma=2592000,h3-Q049=\":443\"; ma=2592000,h3-Q048=\":443\"; ma=2592000,h3-Q046=\":443\"; ma=2592000,h3-Q043=\":443\"; ma=2592000,quic=\":443\"; ma=2592000; v=\"46,43\"","accept-ranges":"none","transfer-encoding":"chunked"}
[info] i  functions: preparing functions directory for uploading... 
[debug] [2020-06-02T09:38:49.464Z] >>> HTTP REQUEST GET https://runtimeconfig.googleapis.com/v1beta1/projects/epirules/configs  
 
[debug] [2020-06-02T09:38:50.472Z] <<< HTTP RESPONSE 200 {"content-type":"application/json; charset=UTF-8","vary":"X-Origin, Referer, Origin,Accept-Encoding","date":"Tue, 02 Jun 2020 09:38:50 GMT","server":"ESF","cache-control":"private","x-xss-protection":"0","x-frame-options":"SAMEORIGIN","x-content-type-options":"nosniff","alt-svc":"h3-27=\":443\"; ma=2592000,h3-25=\":443\"; ma=2592000,h3-T050=\":443\"; ma=2592000,h3-Q050=\":443\"; ma=2592000,h3-Q049=\":443\"; ma=2592000,h3-Q048=\":443\"; ma=2592000,h3-Q046=\":443\"; ma=2592000,h3-Q043=\":443\"; ma=2592000,quic=\":443\"; ma=2592000; v=\"46,43\"","accept-ranges":"none","transfer-encoding":"chunked"}
[debug] [2020-06-02T09:38:50.474Z] >>> HTTP REQUEST GET https://runtimeconfig.googleapis.com/v1beta1/projects/epirules/configs/gmail/variables  
 
[debug] [2020-06-02T09:38:51.540Z] <<< HTTP RESPONSE 200 {"content-type":"application/json; charset=UTF-8","vary":"X-Origin, Referer, Origin,Accept-Encoding","date":"Tue, 02 Jun 2020 09:38:51 GMT","server":"ESF","cache-control":"private","x-xss-protection":"0","x-frame-options":"SAMEORIGIN","x-content-type-options":"nosniff","alt-svc":"h3-27=\":443\"; ma=2592000,h3-25=\":443\"; ma=2592000,h3-T050=\":443\"; ma=2592000,h3-Q050=\":443\"; ma=2592000,h3-Q049=\":443\"; ma=2592000,h3-Q048=\":443\"; ma=2592000,h3-Q046=\":443\"; ma=2592000,h3-Q043=\":443\"; ma=2592000,quic=\":443\"; ma=2592000; v=\"46,43\"","accept-ranges":"none","transfer-encoding":"chunked"}
[debug] [2020-06-02T09:38:51.543Z] >>> HTTP REQUEST GET https://runtimeconfig.googleapis.com/v1beta1/projects/epirules/configs/gmail/variables/login  
 
[debug] [2020-06-02T09:38:51.545Z] >>> HTTP REQUEST GET https://runtimeconfig.googleapis.com/v1beta1/projects/epirules/configs/gmail/variables/pass  
 
[debug] [2020-06-02T09:38:52.369Z] <<< HTTP RESPONSE 200 {"content-type":"application/json; charset=UTF-8","vary":"X-Origin, Referer, Origin,Accept-Encoding","date":"Tue, 02 Jun 2020 09:38:52 GMT","server":"ESF","cache-control":"private","x-xss-protection":"0","x-frame-options":"SAMEORIGIN","x-content-type-options":"nosniff","alt-svc":"h3-27=\":443\"; ma=2592000,h3-25=\":443\"; ma=2592000,h3-T050=\":443\"; ma=2592000,h3-Q050=\":443\"; ma=2592000,h3-Q049=\":443\"; ma=2592000,h3-Q048=\":443\"; ma=2592000,h3-Q046=\":443\"; ma=2592000,h3-Q043=\":443\"; ma=2592000,quic=\":443\"; ma=2592000; v=\"46,43\"","accept-ranges":"none","transfer-encoding":"chunked"}
[debug] [2020-06-02T09:38:52.483Z] <<< HTTP RESPONSE 200 {"content-type":"application/json; charset=UTF-8","vary":"X-Origin, Referer, Origin,Accept-Encoding","date":"Tue, 02 Jun 2020 09:38:52 GMT","server":"ESF","cache-control":"private","x-xss-protection":"0","x-frame-options":"SAMEORIGIN","x-content-type-options":"nosniff","alt-svc":"h3-27=\":443\"; ma=2592000,h3-25=\":443\"; ma=2592000,h3-T050=\":443\"; ma=2592000,h3-Q050=\":443\"; ma=2592000,h3-Q049=\":443\"; ma=2592000,h3-Q048=\":443\"; ma=2592000,h3-Q046=\":443\"; ma=2592000,h3-Q043=\":443\"; ma=2592000,quic=\":443\"; ma=2592000; v=\"46,43\"","accept-ranges":"none","transfer-encoding":"chunked"}
[info] i  functions: packaged functions (34.25 KB) for uploading 
[debug] [2020-06-02T09:38:53.196Z] >>> HTTP REQUEST GET https://cloudfunctions.googleapis.com/v1/projects/epirules/locations/-/functions  
 
[debug] [2020-06-02T09:38:53.700Z] <<< HTTP RESPONSE 200 {"content-type":"application/json; charset=UTF-8","vary":"X-Origin, Referer, Origin,Accept-Encoding","date":"Tue, 02 Jun 2020 09:38:53 GMT","server":"ESF","cache-control":"private","x-xss-protection":"0","x-frame-options":"SAMEORIGIN","x-content-type-options":"nosniff","alt-svc":"h3-27=\":443\"; ma=2592000,h3-25=\":443\"; ma=2592000,h3-T050=\":443\"; ma=2592000,h3-Q050=\":443\"; ma=2592000,h3-Q049=\":443\"; ma=2592000,h3-Q048=\":443\"; ma=2592000,h3-Q046=\":443\"; ma=2592000,h3-Q043=\":443\"; ma=2592000,quic=\":443\"; ma=2592000; v=\"46,43\"","accept-ranges":"none","transfer-encoding":"chunked"}
[debug] [2020-06-02T09:38:53.702Z] >>> HTTP REQUEST POST https://cloudfunctions.googleapis.com/v1/projects/epirules/locations/us-central1/functions:generateUploadUrl  
 
[debug] [2020-06-02T09:38:54.303Z] <<< HTTP RESPONSE 200 {"content-type":"application/json; charset=UTF-8","vary":"X-Origin, Referer, Origin,Accept-Encoding","date":"Tue, 02 Jun 2020 09:38:54 GMT","server":"ESF","cache-control":"private","x-xss-protection":"0","x-frame-options":"SAMEORIGIN","x-content-type-options":"nosniff","alt-svc":"h3-27=\":443\"; ma=2592000,h3-25=\":443\"; ma=2592000,h3-T050=\":443\"; ma=2592000,h3-Q050=\":443\"; ma=2592000,h3-Q049=\":443\"; ma=2592000,h3-Q048=\":443\"; ma=2592000,h3-Q046=\":443\"; ma=2592000,h3-Q043=\":443\"; ma=2592000,quic=\":443\"; ma=2592000; v=\"46,43\"","accept-ranges":"none","transfer-encoding":"chunked"}
[debug] [2020-06-02T09:38:54.303Z] >>> HTTP REQUEST PUT https://storage.googleapis.com/gcf-upload-us-central1-78c2fd3d-cb69-4845-904e-d799b5b14bc3/b053e13e-8b78-415b-a9e2-c2db99ba696a.zip?GoogleAccessId=service-561593353908@gcf-admin-robot.iam.gserviceaccount.com&Expires=1591092534&Signature=lJFJ6HrDiW7D70HDNry3UpwRtpwBAYeiArDvZm%2BDOqZFTWrBXxZClN9UhrnDfPg4OFhBcnwQ2U6yKpZ69%2Fq%2BDm%2BLRT3A3vAMtVRwQPeBvrvKdZ8Sxsx596f3yGxuNd%2FhUUKJKak3gtBhgOM4tR%2FWMCD750m6zkzEsJEeXrHgysqCpD9sBkKNbkGBp0RMd8St9wbD1JmGxdFoy1OF3ybvGpbO3F36n3X9%2BVHeffcupgvOcd5u8ONW9ddjPCQE7aqD31cQ93VViqPU7kcG7Xc15787Rr%2FSCrHWekuee3E7DLP7dErY%2BsndITWiPi68zyhtL2ex6ydMk%2Fh7UMoFunmz8Q%3D%3D  
 <request body omitted>
[debug] [2020-06-02T09:38:54.564Z] <<< HTTP RESPONSE 200 {"x-guploader-uploadid":"AAANsUkfQEZv_7p6oyx0BpwYZ6q6-GXanE4XFiO91Jk78C7__uJMwlDVD-V9kJNrKj-CFapjHonb8IwThQ1JCWPI2ShLRrSoWA","etag":"\"816064812666652b92e2f2ef2cf4b4aa\"","x-goog-generation":"1591090734519186","x-goog-metageneration":"1","x-goog-hash":"crc32c=GNzUUA==, md5=gWBkgSZmZSuS4vLvLPS0qg==","x-goog-stored-content-length":"35071","x-goog-stored-content-encoding":"identity","vary":"Origin","content-length":"0","date":"Tue, 02 Jun 2020 09:38:54 GMT","server":"UploadServer","content-type":"text/html; charset=UTF-8","alt-svc":"h3-27=\":443\"; ma=2592000,h3-25=\":443\"; ma=2592000,h3-T050=\":443\"; ma=2592000,h3-Q050=\":443\"; ma=2592000,h3-Q049=\":443\"; ma=2592000,h3-Q048=\":443\"; ma=2592000,h3-Q046=\":443\"; ma=2592000,h3-Q043=\":443\"; ma=2592000,quic=\":443\"; ma=2592000; v=\"46,43\""}
[info] ✔  functions: functions folder uploaded successfully 
[info] i  hosting[epirules]: beginning deploy... 
[info] i  hosting[epirules]: found 31 files in build 
[debug] [2020-06-02T09:38:55.347Z] [hosting] hash cache [YnVpbGQ] stored for 31 files
[debug] [2020-06-02T09:38:55.347Z] [hosting][hash queue][FINAL] {"max":763,"min":29,"avg":59.58064516129032,"active":0,"complete":31,"success":31,"errored":0,"retried":0,"total":31,"elapsed":768}
[debug] [2020-06-02T09:38:55.347Z] >>> HTTP REQUEST POST https://firebasehosting.googleapis.com/v1beta1/projects/561593353908/sites/epirules/versions/2180834acd2c29cb:populateFiles  
 <request body omitted>
[debug] [2020-06-02T09:38:56.410Z] <<< HTTP RESPONSE 200 {"content-type":"application/json; charset=UTF-8","vary":"X-Origin, Referer, Origin,Accept-Encoding","date":"Tue, 02 Jun 2020 09:38:56 GMT","server":"ESF","cache-control":"private","x-xss-protection":"0","x-frame-options":"SAMEORIGIN","x-content-type-options":"nosniff","alt-svc":"h3-27=\":443\"; ma=2592000,h3-25=\":443\"; ma=2592000,h3-T050=\":443\"; ma=2592000,h3-Q050=\":443\"; ma=2592000,h3-Q049=\":443\"; ma=2592000,h3-Q048=\":443\"; ma=2592000,h3-Q046=\":443\"; ma=2592000,h3-Q043=\":443\"; ma=2592000,quic=\":443\"; ma=2592000; v=\"46,43\"","accept-ranges":"none","transfer-encoding":"chunked"}
[debug] [2020-06-02T09:38:56.413Z] [hosting][populate queue][FINAL] {"max":1065,"min":1065,"avg":1065,"active":0,"complete":1,"success":1,"errored":0,"retried":0,"total":1,"elapsed":1067}
[debug] [2020-06-02T09:38:56.413Z] [hosting] uploads queued: 8
[debug] [2020-06-02T09:38:58.706Z] [hosting][upload queue][FINAL] {"max":2295,"min":1712,"avg":2128.625,"active":0,"complete":8,"success":8,"errored":0,"retried":0,"total":8,"elapsed":2295}
[info] ✔  hosting[epirules]: file upload complete 
[debug] [2020-06-02T09:38:58.706Z] [hosting] deploy completed after 4141ms
[info] i  functions: updating Node.js 8 function onDataAdded(us-central1)... 
[debug] [2020-06-02T09:38:58.711Z] Trigger is:  {"eventTrigger":{"resource":"projects/epirules/databases/(default)/documents/questions/{emailID}","eventType":"providers/cloud.firestore/eventTypes/document.create","service":"firestore.googleapis.com"}}
[debug] [2020-06-02T09:38:58.712Z] >>> HTTP REQUEST GET https://serviceusage.googleapis.com/v1/projects/epirules/services/cloudscheduler.googleapis.com  
 
[debug] [2020-06-02T09:38:59.427Z] <<< HTTP RESPONSE 200 {"content-type":"application/json; charset=UTF-8","vary":"X-Origin, Referer, Origin,Accept-Encoding","date":"Tue, 02 Jun 2020 09:38:59 GMT","server":"ESF","cache-control":"private","x-xss-protection":"0","x-frame-options":"SAMEORIGIN","x-content-type-options":"nosniff","alt-svc":"h3-27=\":443\"; ma=2592000,h3-25=\":443\"; ma=2592000,h3-T050=\":443\"; ma=2592000,h3-Q050=\":443\"; ma=2592000,h3-Q049=\":443\"; ma=2592000,h3-Q048=\":443\"; ma=2592000,h3-Q046=\":443\"; ma=2592000,h3-Q043=\":443\"; ma=2592000,quic=\":443\"; ma=2592000; v=\"46,43\"","accept-ranges":"none","transfer-encoding":"chunked"}
[debug] [2020-06-02T09:38:59.433Z] >>> HTTP REQUEST PATCH https://cloudfunctions.googleapis.com/v1/projects/epirules/locations/us-central1/functions/onDataAdded {"updateMask":"sourceUploadUrl,name,labels,runtime,environmentVariables,eventTrigger.resource,eventTrigger.eventType,eventTrigger.service"} 
 {"sourceUploadUrl":"https://storage.googleapis.com/gcf-upload-us-central1-78c2fd3d-cb69-4845-904e-d799b5b14bc3/b053e13e-8b78-415b-a9e2-c2db99ba696a.zip?GoogleAccessId=service-561593353908@gcf-admin-robot.iam.gserviceaccount.com&Expires=1591092534&Signature=lJFJ6HrDiW7D70HDNry3UpwRtpwBAYeiArDvZm%2BDOqZFTWrBXxZClN9UhrnDfPg4OFhBcnwQ2U6yKpZ69%2Fq%2BDm%2BLRT3A3vAMtVRwQPeBvrvKdZ8Sxsx596f3yGxuNd%2FhUUKJKak3gtBhgOM4tR%2FWMCD750m6zkzEsJEeXrHgysqCpD9sBkKNbkGBp0RMd8St9wbD1JmGxdFoy1OF3ybvGpbO3F36n3X9%2BVHeffcupgvOcd5u8ONW9ddjPCQE7aqD31cQ93VViqPU7kcG7Xc15787Rr%2FSCrHWekuee3E7DLP7dErY%2BsndITWiPi68zyhtL2ex6ydMk%2Fh7UMoFunmz8Q%3D%3D","name":"projects/epirules/locations/us-central1/functions/onDataAdded","labels":{"deployment-tool":"cli-firebase"},"eventTrigger":{"resource":"projects/epirules/databases/(default)/documents/questions/{emailID}","eventType":"providers/cloud.firestore/eventTypes/document.create","service":"firestore.googleapis.com"},"runtime":"nodejs8","environmentVariables":{"FIREBASE_CONFIG":"{\"projectId\":\"epirules\",\"databaseURL\":\"https://epirules.firebaseio.com\",\"storageBucket\":\"epirules.appspot.com\",\"locationId\":\"europe-west\"}"}}
[debug] [2020-06-02T09:38:59.995Z] <<< HTTP RESPONSE 200 {"content-type":"application/json; charset=UTF-8","vary":"X-Origin, Referer, Origin,Accept-Encoding","date":"Tue, 02 Jun 2020 09:39:00 GMT","server":"ESF","cache-control":"private","x-xss-protection":"0","x-frame-options":"SAMEORIGIN","x-content-type-options":"nosniff","alt-svc":"h3-27=\":443\"; ma=2592000,h3-25=\":443\"; ma=2592000,h3-T050=\":443\"; ma=2592000,h3-Q050=\":443\"; ma=2592000,h3-Q049=\":443\"; ma=2592000,h3-Q048=\":443\"; ma=2592000,h3-Q046=\":443\"; ma=2592000,h3-Q043=\":443\"; ma=2592000,quic=\":443\"; ma=2592000; v=\"46,43\"","accept-ranges":"none","transfer-encoding":"chunked"}
[debug] [2020-06-02T09:38:59.999Z] >>> HTTP REQUEST GET https://cloudfunctions.googleapis.com/v1/operations/ZXBpcnVsZXMvdXMtY2VudHJhbDEvb25EYXRhQWRkZWQvQ0w5M3pvN214T0U  
 
[debug] [2020-06-02T09:39:00.228Z] <<< HTTP RESPONSE 200 {"content-type":"application/json; charset=UTF-8","vary":"X-Origin, Referer, Origin,Accept-Encoding","date":"Tue, 02 Jun 2020 09:39:00 GMT","server":"ESF","cache-control":"private","x-xss-protection":"0","x-frame-options":"SAMEORIGIN","x-content-type-options":"nosniff","alt-svc":"h3-27=\":443\"; ma=2592000,h3-25=\":443\"; ma=2592000,h3-T050=\":443\"; ma=2592000,h3-Q050=\":443\"; ma=2592000,h3-Q049=\":443\"; ma=2592000,h3-Q048=\":443\"; ma=2592000,h3-Q046=\":443\"; ma=2592000,h3-Q043=\":443\"; ma=2592000,quic=\":443\"; ma=2592000; v=\"46,43\"","accept-ranges":"none","transfer-encoding":"chunked"}
[debug] [2020-06-02T09:39:02.231Z] >>> HTTP REQUEST GET https://cloudfunctions.googleapis.com/v1/operations/ZXBpcnVsZXMvdXMtY2VudHJhbDEvb25EYXRhQWRkZWQvQ0w5M3pvN214T0U  
 
[debug] [2020-06-02T09:39:02.453Z] <<< HTTP RESPONSE 200 {"content-type":"application/json; charset=UTF-8","vary":"X-Origin, Referer, Origin,Accept-Encoding","date":"Tue, 02 Jun 2020 09:39:02 GMT","server":"ESF","cache-control":"private","x-xss-protection":"0","x-frame-options":"SAMEORIGIN","x-content-type-options":"nosniff","alt-svc":"h3-27=\":443\"; ma=2592000,h3-25=\":443\"; ma=2592000,h3-T050=\":443\"; ma=2592000,h3-Q050=\":443\"; ma=2592000,h3-Q049=\":443\"; ma=2592000,h3-Q048=\":443\"; ma=2592000,h3-Q046=\":443\"; ma=2592000,h3-Q043=\":443\"; ma=2592000,quic=\":443\"; ma=2592000; v=\"46,43\"","accept-ranges":"none","transfer-encoding":"chunked"}
[debug] [2020-06-02T09:39:04.456Z] >>> HTTP REQUEST GET https://cloudfunctions.googleapis.com/v1/operations/ZXBpcnVsZXMvdXMtY2VudHJhbDEvb25EYXRhQWRkZWQvQ0w5M3pvN214T0U  
 
[debug] [2020-06-02T09:39:04.735Z] <<< HTTP RESPONSE 200 {"content-type":"application/json; charset=UTF-8","vary":"X-Origin, Referer, Origin,Accept-Encoding","date":"Tue, 02 Jun 2020 09:39:04 GMT","server":"ESF","cache-control":"private","x-xss-protection":"0","x-frame-options":"SAMEORIGIN","x-content-type-options":"nosniff","alt-svc":"h3-27=\":443\"; ma=2592000,h3-25=\":443\"; ma=2592000,h3-T050=\":443\"; ma=2592000,h3-Q050=\":443\"; ma=2592000,h3-Q049=\":443\"; ma=2592000,h3-Q048=\":443\"; ma=2592000,h3-Q046=\":443\"; ma=2592000,h3-Q043=\":443\"; ma=2592000,quic=\":443\"; ma=2592000; v=\"46,43\"","accept-ranges":"none","transfer-encoding":"chunked"}
[debug] [2020-06-02T09:39:06.739Z] >>> HTTP REQUEST GET https://cloudfunctions.googleapis.com/v1/operations/ZXBpcnVsZXMvdXMtY2VudHJhbDEvb25EYXRhQWRkZWQvQ0w5M3pvN214T0U  
 
[debug] [2020-06-02T09:39:06.944Z] <<< HTTP RESPONSE 200 {"content-type":"application/json; charset=UTF-8","vary":"X-Origin, Referer, Origin,Accept-Encoding","date":"Tue, 02 Jun 2020 09:39:06 GMT","server":"ESF","cache-control":"private","x-xss-protection":"0","x-frame-options":"SAMEORIGIN","x-content-type-options":"nosniff","alt-svc":"h3-27=\":443\"; ma=2592000,h3-25=\":443\"; ma=2592000,h3-T050=\":443\"; ma=2592000,h3-Q050=\":443\"; ma=2592000,h3-Q049=\":443\"; ma=2592000,h3-Q048=\":443\"; ma=2592000,h3-Q046=\":443\"; ma=2592000,h3-Q043=\":443\"; ma=2592000,quic=\":443\"; ma=2592000; v=\"46,43\"","accept-ranges":"none","transfer-encoding":"chunked"}
[debug] [2020-06-02T09:39:08.947Z] >>> HTTP REQUEST GET https://cloudfunctions.googleapis.com/v1/operations/ZXBpcnVsZXMvdXMtY2VudHJhbDEvb25EYXRhQWRkZWQvQ0w5M3pvN214T0U  
 
[debug] [2020-06-02T09:39:09.160Z] <<< HTTP RESPONSE 200 {"content-type":"application/json; charset=UTF-8","vary":"X-Origin, Referer, Origin,Accept-Encoding","date":"Tue, 02 Jun 2020 09:39:09 GMT","server":"ESF","cache-control":"private","x-xss-protection":"0","x-frame-options":"SAMEORIGIN","x-content-type-options":"nosniff","alt-svc":"h3-27=\":443\"; ma=2592000,h3-25=\":443\"; ma=2592000,h3-T050=\":443\"; ma=2592000,h3-Q050=\":443\"; ma=2592000,h3-Q049=\":443\"; ma=2592000,h3-Q048=\":443\"; ma=2592000,h3-Q046=\":443\"; ma=2592000,h3-Q043=\":443\"; ma=2592000,quic=\":443\"; ma=2592000; v=\"46,43\"","accept-ranges":"none","transfer-encoding":"chunked"}
[debug] [2020-06-02T09:39:11.164Z] >>> HTTP REQUEST GET https://cloudfunctions.googleapis.com/v1/operations/ZXBpcnVsZXMvdXMtY2VudHJhbDEvb25EYXRhQWRkZWQvQ0w5M3pvN214T0U  
 
[debug] [2020-06-02T09:39:11.394Z] <<< HTTP RESPONSE 200 {"content-type":"application/json; charset=UTF-8","vary":"X-Origin, Referer, Origin,Accept-Encoding","date":"Tue, 02 Jun 2020 09:39:11 GMT","server":"ESF","cache-control":"private","x-xss-protection":"0","x-frame-options":"SAMEORIGIN","x-content-type-options":"nosniff","alt-svc":"h3-27=\":443\"; ma=2592000,h3-25=\":443\"; ma=2592000,h3-T050=\":443\"; ma=2592000,h3-Q050=\":443\"; ma=2592000,h3-Q049=\":443\"; ma=2592000,h3-Q048=\":443\"; ma=2592000,h3-Q046=\":443\"; ma=2592000,h3-Q043=\":443\"; ma=2592000,quic=\":443\"; ma=2592000; v=\"46,43\"","accept-ranges":"none","transfer-encoding":"chunked"}
[debug] [2020-06-02T09:39:13.395Z] >>> HTTP REQUEST GET https://cloudfunctions.googleapis.com/v1/operations/ZXBpcnVsZXMvdXMtY2VudHJhbDEvb25EYXRhQWRkZWQvQ0w5M3pvN214T0U  
 
[debug] [2020-06-02T09:39:13.589Z] <<< HTTP RESPONSE 200 {"content-type":"application/json; charset=UTF-8","vary":"X-Origin, Referer, Origin,Accept-Encoding","date":"Tue, 02 Jun 2020 09:39:13 GMT","server":"ESF","cache-control":"private","x-xss-protection":"0","x-frame-options":"SAMEORIGIN","x-content-type-options":"nosniff","alt-svc":"h3-27=\":443\"; ma=2592000,h3-25=\":443\"; ma=2592000,h3-T050=\":443\"; ma=2592000,h3-Q050=\":443\"; ma=2592000,h3-Q049=\":443\"; ma=2592000,h3-Q048=\":443\"; ma=2592000,h3-Q046=\":443\"; ma=2592000,h3-Q043=\":443\"; ma=2592000,quic=\":443\"; ma=2592000; v=\"46,43\"","accept-ranges":"none","transfer-encoding":"chunked"}
[debug] [2020-06-02T09:39:15.591Z] >>> HTTP REQUEST GET https://cloudfunctions.googleapis.com/v1/operations/ZXBpcnVsZXMvdXMtY2VudHJhbDEvb25EYXRhQWRkZWQvQ0w5M3pvN214T0U  
 
[debug] [2020-06-02T09:39:15.799Z] <<< HTTP RESPONSE 200 {"content-type":"application/json; charset=UTF-8","vary":"X-Origin, Referer, Origin,Accept-Encoding","date":"Tue, 02 Jun 2020 09:39:15 GMT","server":"ESF","cache-control":"private","x-xss-protection":"0","x-frame-options":"SAMEORIGIN","x-content-type-options":"nosniff","alt-svc":"h3-27=\":443\"; ma=2592000,h3-25=\":443\"; ma=2592000,h3-T050=\":443\"; ma=2592000,h3-Q050=\":443\"; ma=2592000,h3-Q049=\":443\"; ma=2592000,h3-Q048=\":443\"; ma=2592000,h3-Q046=\":443\"; ma=2592000,h3-Q043=\":443\"; ma=2592000,quic=\":443\"; ma=2592000; v=\"46,43\"","accept-ranges":"none","transfer-encoding":"chunked"}
[debug] [2020-06-02T09:39:17.801Z] >>> HTTP REQUEST GET https://cloudfunctions.googleapis.com/v1/operations/ZXBpcnVsZXMvdXMtY2VudHJhbDEvb25EYXRhQWRkZWQvQ0w5M3pvN214T0U  
 
[debug] [2020-06-02T09:39:18.001Z] <<< HTTP RESPONSE 200 {"content-type":"application/json; charset=UTF-8","vary":"X-Origin, Referer, Origin,Accept-Encoding","date":"Tue, 02 Jun 2020 09:39:18 GMT","server":"ESF","cache-control":"private","x-xss-protection":"0","x-frame-options":"SAMEORIGIN","x-content-type-options":"nosniff","alt-svc":"h3-27=\":443\"; ma=2592000,h3-25=\":443\"; ma=2592000,h3-T050=\":443\"; ma=2592000,h3-Q050=\":443\"; ma=2592000,h3-Q049=\":443\"; ma=2592000,h3-Q048=\":443\"; ma=2592000,h3-Q046=\":443\"; ma=2592000,h3-Q043=\":443\"; ma=2592000,quic=\":443\"; ma=2592000; v=\"46,43\"","accept-ranges":"none","transfer-encoding":"chunked"}
[debug] [2020-06-02T09:39:20.003Z] >>> HTTP REQUEST GET https://cloudfunctions.googleapis.com/v1/operations/ZXBpcnVsZXMvdXMtY2VudHJhbDEvb25EYXRhQWRkZWQvQ0w5M3pvN214T0U  
 
[debug] [2020-06-02T09:39:20.215Z] <<< HTTP RESPONSE 200 {"content-type":"application/json; charset=UTF-8","vary":"X-Origin, Referer, Origin,Accept-Encoding","date":"Tue, 02 Jun 2020 09:39:20 GMT","server":"ESF","cache-control":"private","x-xss-protection":"0","x-frame-options":"SAMEORIGIN","x-content-type-options":"nosniff","alt-svc":"h3-27=\":443\"; ma=2592000,h3-25=\":443\"; ma=2592000,h3-T050=\":443\"; ma=2592000,h3-Q050=\":443\"; ma=2592000,h3-Q049=\":443\"; ma=2592000,h3-Q048=\":443\"; ma=2592000,h3-Q046=\":443\"; ma=2592000,h3-Q043=\":443\"; ma=2592000,quic=\":443\"; ma=2592000; v=\"46,43\"","accept-ranges":"none","transfer-encoding":"chunked"}
[debug] [2020-06-02T09:39:22.219Z] >>> HTTP REQUEST GET https://cloudfunctions.googleapis.com/v1/operations/ZXBpcnVsZXMvdXMtY2VudHJhbDEvb25EYXRhQWRkZWQvQ0w5M3pvN214T0U  
 
[debug] [2020-06-02T09:39:22.420Z] <<< HTTP RESPONSE 200 {"content-type":"application/json; charset=UTF-8","vary":"X-Origin, Referer, Origin,Accept-Encoding","date":"Tue, 02 Jun 2020 09:39:22 GMT","server":"ESF","cache-control":"private","x-xss-protection":"0","x-frame-options":"SAMEORIGIN","x-content-type-options":"nosniff","alt-svc":"h3-27=\":443\"; ma=2592000,h3-25=\":443\"; ma=2592000,h3-T050=\":443\"; ma=2592000,h3-Q050=\":443\"; ma=2592000,h3-Q049=\":443\"; ma=2592000,h3-Q048=\":443\"; ma=2592000,h3-Q046=\":443\"; ma=2592000,h3-Q043=\":443\"; ma=2592000,quic=\":443\"; ma=2592000; v=\"46,43\"","accept-ranges":"none","transfer-encoding":"chunked"}
[debug] [2020-06-02T09:39:24.423Z] >>> HTTP REQUEST GET https://cloudfunctions.googleapis.com/v1/operations/ZXBpcnVsZXMvdXMtY2VudHJhbDEvb25EYXRhQWRkZWQvQ0w5M3pvN214T0U  
 
[debug] [2020-06-02T09:39:24.629Z] <<< HTTP RESPONSE 200 {"content-type":"application/json; charset=UTF-8","vary":"X-Origin, Referer, Origin,Accept-Encoding","date":"Tue, 02 Jun 2020 09:39:24 GMT","server":"ESF","cache-control":"private","x-xss-protection":"0","x-frame-options":"SAMEORIGIN","x-content-type-options":"nosniff","alt-svc":"h3-27=\":443\"; ma=2592000,h3-25=\":443\"; ma=2592000,h3-T050=\":443\"; ma=2592000,h3-Q050=\":443\"; ma=2592000,h3-Q049=\":443\"; ma=2592000,h3-Q048=\":443\"; ma=2592000,h3-Q046=\":443\"; ma=2592000,h3-Q043=\":443\"; ma=2592000,quic=\":443\"; ma=2592000; v=\"46,43\"","accept-ranges":"none","transfer-encoding":"chunked"}
[debug] [2020-06-02T09:39:26.633Z] >>> HTTP REQUEST GET https://cloudfunctions.googleapis.com/v1/operations/ZXBpcnVsZXMvdXMtY2VudHJhbDEvb25EYXRhQWRkZWQvQ0w5M3pvN214T0U  
 
[debug] [2020-06-02T09:39:26.845Z] <<< HTTP RESPONSE 200 {"content-type":"application/json; charset=UTF-8","vary":"X-Origin, Referer, Origin,Accept-Encoding","date":"Tue, 02 Jun 2020 09:39:26 GMT","server":"ESF","cache-control":"private","x-xss-protection":"0","x-frame-options":"SAMEORIGIN","x-content-type-options":"nosniff","alt-svc":"h3-27=\":443\"; ma=2592000,h3-25=\":443\"; ma=2592000,h3-T050=\":443\"; ma=2592000,h3-Q050=\":443\"; ma=2592000,h3-Q049=\":443\"; ma=2592000,h3-Q048=\":443\"; ma=2592000,h3-Q046=\":443\"; ma=2592000,h3-Q043=\":443\"; ma=2592000,quic=\":443\"; ma=2592000; v=\"46,43\"","accept-ranges":"none","transfer-encoding":"chunked"}
[debug] [2020-06-02T09:39:28.847Z] >>> HTTP REQUEST GET https://cloudfunctions.googleapis.com/v1/operations/ZXBpcnVsZXMvdXMtY2VudHJhbDEvb25EYXRhQWRkZWQvQ0w5M3pvN214T0U  
 
[debug] [2020-06-02T09:39:29.027Z] <<< HTTP RESPONSE 200 {"content-type":"application/json; charset=UTF-8","vary":"X-Origin, Referer, Origin,Accept-Encoding","date":"Tue, 02 Jun 2020 09:39:29 GMT","server":"ESF","cache-control":"private","x-xss-protection":"0","x-frame-options":"SAMEORIGIN","x-content-type-options":"nosniff","alt-svc":"h3-27=\":443\"; ma=2592000,h3-25=\":443\"; ma=2592000,h3-T050=\":443\"; ma=2592000,h3-Q050=\":443\"; ma=2592000,h3-Q049=\":443\"; ma=2592000,h3-Q048=\":443\"; ma=2592000,h3-Q046=\":443\"; ma=2592000,h3-Q043=\":443\"; ma=2592000,quic=\":443\"; ma=2592000; v=\"46,43\"","accept-ranges":"none","transfer-encoding":"chunked"}
